[debug] [2020-02-09T15:03:15.255Z] ----------------------------------------------------------------------
[debug] [2020-02-09T15:03:15.256Z] Command:       /usr/local/bin/node /Users/ccrod/.npm-global/bin/firebase init functions
[debug] [2020-02-09T15:03:15.257Z] CLI Version:   7.12.1
[debug] [2020-02-09T15:03:15.257Z] Platform:      darwin
[debug] [2020-02-09T15:03:15.257Z] Node Version:  v12.13.1
[debug] [2020-02-09T15:03:15.263Z] Time:          Sun Feb 09 2020 10:03:15 GMT-0500 (Eastern Standard Time)
[debug] [2020-02-09T15:03:15.263Z] ----------------------------------------------------------------------
[debug] [2020-02-09T15:03:15.263Z] 
[debug] [2020-02-09T15:03:15.273Z] > command requires scopes: ["email","openid","https://www.googleapis.com/auth/cloudplatformprojects.readonly","https://www.googleapis.com/auth/firebase","https://www.googleapis.com/auth/cloud-platform"]
[debug] [2020-02-09T15:03:15.273Z] > authorizing via signed-in user
[info] 
     ######## #### ########  ######## ########     ###     ######  ########
     ##        ##  ##     ## ##       ##     ##  ##   ##  ##       ##
     ######    ##  ########  ######   ########  #########  ######  ######
     ##        ##  ##    ##  ##       ##     ## ##     ##       ## ##
     ##       #### ##     ## ######## ########  ##     ##  ######  ########

You're about to initialize a Firebase project in this directory:

  /Users/ccrod/Desktop/hackher413

Before we get started, keep in mind:

  * You are initializing in an existing Firebase project directory

[info] 
=== Project Setup
[info] 
[info] First, let's associate this project directory with a Firebase project.
[info] You can create multiple project aliases by running firebase use --add, 
[info] but for now we'll just set up a default project.
[info] 
[info] i  .firebaserc already has a default project, using hackher-9865b.
[debug] [2020-02-09T15:03:15.278Z] >>> HTTP REQUEST GET https://firebase.googleapis.com/v1beta1/projects/hackher-9865b  
 
[debug] [2020-02-09T15:03:15.528Z] <<< HTTP RESPONSE 200
[info] 
=== Functions Setup
[info] 
[info] A functions directory will be created in your project with a Node.js
[info] package pre-configured. Functions can be deployed with firebase deploy.
[info] 
[debug] [2020-02-09T15:03:15.530Z] > command requires scopes: ["email","openid","https://www.googleapis.com/auth/cloudplatformprojects.readonly","https://www.googleapis.com/auth/firebase","https://www.googleapis.com/auth/cloud-platform"]
[debug] [2020-02-09T15:03:15.531Z] > authorizing via signed-in user
[debug] [2020-02-09T15:03:15.531Z] [iam] checking project hackher-9865b for permissions ["firebase.projects.get"]
[debug] [2020-02-09T15:03:15.531Z] >>> HTTP REQUEST POST https://cloudresourcemanager.googleapis.com/v1/projects/hackher-9865b:testIamPermissions  

[debug] [2020-02-09T15:03:15.760Z] <<< HTTP RESPONSE 200
[debug] [2020-02-09T15:03:15.761Z] >>> HTTP REQUEST POST https://serviceusage.googleapis.com/v1/projects/hackher-9865b/services/cloudfunctions.googleapis.com:enable  
 
[debug] [2020-02-09T15:03:15.762Z] >>> HTTP REQUEST POST https://serviceusage.googleapis.com/v1/projects/hackher-9865b/services/runtimeconfig.googleapis.com:enable  
 
[debug] [2020-02-09T15:03:16.215Z] <<< HTTP RESPONSE 200
[debug] [2020-02-09T15:03:16.216Z] <<< HTTP RESPONSE 200
[info] ✔  Wrote functions/package.json
[info] ✔  Wrote functions/.eslintrc.json
[info] ✔  Wrote functions/index.js
[info] ✔  Wrote functions/.gitignore
